<?xml version="1.0" encoding="UTF-8"?>
<!-- Generated by org.testng.reporters.JUnitReportReporter -->
<testsuite hostname="DESKTOP-2UAU2FL" failures="0" tests="1" name="mypackage.NewTest" time="11.829" errors="0" timestamp="2023-11-17T13:53:26 IST" skipped="0">
  <testcase classname="mypackage.NewTest" name="LoginTest" time="11.829"/>
  <system-out/>
</testsuite> <!-- mypackage.NewTest -->
